<?xml version="1.0" encoding="UTF-8"?>
<!-- Generated by org.testng.reporters.JUnitReportReporter -->
<testsuite hostname="DESKTOP-VQ7D0L2" failures="0" tests="2" name="org.com.appium.HomePageTestCases" time="52.281" errors="0" timestamp="2023-04-07T16:38:02 IST" skipped="0">
  <testcase classname="org.com.appium.HomePageTestCases" name="Validate_Homepage_ToastText" time="38.297"/>
  <system-out/>
  <testcase classname="org.com.appium.HomePageTestCases" name="Validate_Homepage_ToastText" time="13.984"/>
  <system-out/>
</testsuite> <!-- org.com.appium.HomePageTestCases -->
