<?xml version="1.0" encoding="UTF-8"?>
<!-- Generated by org.testng.reporters.JUnitReportReporter -->
<testsuite hostname="DESKTOP-VQ7D0L2" failures="0" tests="6" name="org.com.appium.ProductPageTestCases" time="123.915" errors="0" timestamp="2023-04-17T21:15:50 IST" skipped="0">
  <testcase classname="org.com.appium.ProductPageTestCases" name="ValidateUserNavigatetoCartPage" time="23.611"/>
  <system-out/>
  <testcase classname="org.com.appium.ProductPageTestCases" name="ValidateUserNavigatetoCartPage" time="23.021"/>
  <system-out/>
  <testcase classname="org.com.appium.ProductPageTestCases" name="ValidateAddToCartFunctionality" time="22.919"/>
  <system-out/>
  <testcase classname="org.com.appium.ProductPageTestCases" name="ValidateAddToCartFunctionality" time="22.958"/>
  <system-out/>
  <testcase classname="org.com.appium.ProductPageTestCases" name="ValidateUserIsOnProductPage" time="15.680"/>
  <system-out/>
  <testcase classname="org.com.appium.ProductPageTestCases" name="ValidateUserIsOnProductPage" time="15.726"/>
  <system-out/>
</testsuite> <!-- org.com.appium.ProductPageTestCases -->
