<?xml version="1.0" encoding="UTF-8"?>
<!-- Generated by org.testng.reporters.JUnitReportReporter -->
<testsuite hostname="DESKTOP-VQ7D0L2" failures="0" tests="2" name="org.com.appium.HomePageTestCases" time="30.383" errors="0" timestamp="2023-04-17T20:47:15 IST" skipped="0">
  <testcase classname="org.com.appium.HomePageTestCases" name="ValidateCorrectHomepageToastText" time="15.607"/>
  <system-out/>
  <testcase classname="org.com.appium.HomePageTestCases" name="ValidateCorrectHomepageToastText" time="14.776"/>
  <system-out/>
</testsuite> <!-- org.com.appium.HomePageTestCases -->
