<?xml version="1.0" encoding="UTF-8"?>
<!-- Generated by org.testng.reporters.JUnitReportReporter -->
<testsuite hostname="DESKTOP-VQ7D0L2" failures="0" tests="1" name="org.com.appium.ProductPageTestCases" time="0.002" errors="0" timestamp="2023-04-09T22:37:10 IST" skipped="0">
  <testcase classname="org.com.appium.ProductPageTestCases" name="AddingProductToCartTest" time="0.002"/>
  <system-out/>
</testsuite> <!-- org.com.appium.ProductPageTestCases -->
