<?xml version="1.0" encoding="UTF-8"?>
<!-- Generated by org.testng.reporters.JUnitReportReporter -->
<testsuite hostname="DESKTOP-VQ7D0L2" failures="0" tests="2" name="org.com.appium.HomePage_testCase" time="28.836" errors="0" timestamp="2023-04-05T00:28:48 IST" skipped="0">
  <testcase classname="org.com.appium.HomePage_testCase" name="Validate_Homepage_ToastText" time="13.242"/>
  <system-out/>
  <testcase classname="org.com.appium.HomePage_testCase" name="Validate_Homepage_ToastText" time="15.594"/>
  <system-out/>
</testsuite> <!-- org.com.appium.HomePage_testCase -->
