<?xml version="1.0" encoding="UTF-8"?>
<!-- Generated by org.testng.reporters.JUnitReportReporter -->
<testsuite hostname="DESKTOP-VQ7D0L2" failures="0" tests="1" name="org.com.appium.Baseclass" time="6.302" errors="0" timestamp="2023-03-29T15:15:17 IST" skipped="0">
  <testcase classname="org.com.appium.Baseclass" name="method" time="6.302"/>
  <system-out/>
</testsuite> <!-- org.com.appium.Baseclass -->
