<?xml version="1.0" encoding="UTF-8"?>
<!-- Generated by org.testng.reporters.JUnitReportReporter -->
<testsuite hostname="DESKTOP-VQ7D0L2" failures="0" tests="4" name="org.com.appium.HomePageTestCases" time="96.785" errors="0" timestamp="2023-04-07T16:49:42 IST" skipped="0">
  <testcase classname="org.com.appium.HomePageTestCases" name="ValidateProductsPageToastText" time="41.636"/>
  <system-out/>
  <testcase classname="org.com.appium.HomePageTestCases" name="ValidateProductsPageToastText" time="17.400"/>
  <system-out/>
  <testcase classname="org.com.appium.HomePageTestCases" name="Validate_Homepage_ToastText" time="13.755"/>
  <system-out/>
  <testcase classname="org.com.appium.HomePageTestCases" name="Validate_Homepage_ToastText" time="23.994"/>
  <system-out/>
</testsuite> <!-- org.com.appium.HomePageTestCases -->
