<?xml version="1.0" encoding="UTF-8"?>
<!-- Generated by org.testng.reporters.JUnitReportReporter -->
<testsuite hostname="DESKTOP-VQ7D0L2" failures="0" tests="1" name="org.com.appium.HomePageTestCases" time="37.800" errors="0" timestamp="2023-04-08T16:31:05 IST" skipped="0">
  <testcase classname="org.com.appium.HomePageTestCases" name="ValidateProductsPageToastText" time="37.800"/>
  <system-out/>
</testsuite> <!-- org.com.appium.HomePageTestCases -->
