<?xml version="1.0" encoding="UTF-8"?>
<!-- Generated by org.testng.reporters.JUnitReportReporter -->
<testsuite hostname="DESKTOP-VQ7D0L2" failures="0" tests="1" name="org.com.appium.HomePageTestCases" time="14.936" errors="0" timestamp="2023-04-10T18:29:16 IST" skipped="0">
  <testcase classname="org.com.appium.HomePageTestCases" name="Validate_Homepage_ToastText" time="14.936"/>
  <system-out/>
</testsuite> <!-- org.com.appium.HomePageTestCases -->
